2024-06-30T21:19:09.600Z - File uploaded: request.pdf
2024-06-30T21:19:45.451Z - File uploaded: PFE_23-24_4e_IA.pdf
2024-06-30T21:20:16.953Z - File uploaded: PFE_23-24_4e_IA.pdf
2024-06-30T21:45:03.911Z - File deleted: HostIT_Presentation.pptx
2024-06-30T21:45:09.160Z - File deleted: PFE_23-24_4e_FAP.pdf
2024-06-30T21:45:11.019Z - File deleted: PFE_23-24_4e_IA.pdf
2024-06-30T21:45:11.977Z - File deleted: Présentation NPM.pptx
2024-06-30T21:45:13.004Z - File deleted: Présentation du PROJET TEAMCALENDAR.pptx
2024-06-30T21:45:14.613Z - File deleted: host-it ppt.pdf
2024-06-30T21:45:15.929Z - File deleted: request.pdf
2024-06-30T21:45:26.624Z - File uploaded: PFE_23-24_4e_FAP.pdf
2024-06-30T23:04:17.876Z - File deleted: 4NLP-YAYA MOHAMED_HAROUN BOUHAFS.rar
2024-06-30T23:04:33.795Z - File deleted: PFE_23-24_4e_FAP.pdf
2024-06-30T23:05:18.176Z - File deleted: Présentation NPM.pptx
2024-06-30T23:08:40.846Z - File uploaded: Présentation du PROJET TEAMCALENDAR.pptx
2024-06-30T23:17:34.958Z - File deleted: Présentation du PROJET TEAMCALENDAR.pptx
2024-06-30T23:18:06.137Z - File uploaded: Présentation NPM.pptx
2024-06-30T23:27:52.502Z - File uploaded: request.pdf
2024-06-30T23:56:08.516Z - File uploaded: request.pdf
2024-07-01T00:00:26.988Z - File uploaded: PFE_23-24_4e_FAP.pdf
2024-07-01T00:05:40.021Z - File uploaded: Nouveau Feuille de calcul Microsoft Excel.xlsx
2024-07-01T00:07:39.779Z - File deleted: Nouveau Feuille de calcul Microsoft Excel.xlsx
2024-07-01T00:07:53.464Z - File uploaded: Nouveau Feuille de calcul Microsoft Excel.xlsx
2024-07-01T00:08:36.372Z - File uploaded: cours 1.odt
2024-07-01T00:16:11.928Z - File uploaded: download2.png
2024-07-01T00:37:06.285Z - File uploaded: HostIT_Presentation.pptx
2024-07-01T00:42:12.857Z - File deleted: HostIT_Presentation.pptx
2024-07-01T00:42:17.703Z - File deleted: Nouveau Feuille de calcul Microsoft Excel.xlsx
2024-07-01T00:44:41.040Z - File deleted: PFE_23-24_4e_FAP.pdf
2024-07-01T00:44:43.492Z - File deleted: Présentation NPM.pptx
2024-07-01T00:44:44.829Z - File deleted: cours 1.odt
2024-07-01T00:44:46.215Z - File deleted: download2.png
2024-07-01T00:44:47.045Z - File deleted: request.pdf
2024-07-01T00:44:54.153Z - File uploaded: download2.png
2024-07-01T00:45:10.775Z - File deleted: download2.png
2024-07-01T00:45:16.115Z - File uploaded: HostIT_Presentation.pptx
2024-07-01T00:47:02.807Z - File uploaded: HostIT_Presentation.pptx
2024-07-01T00:47:36.816Z - File uploaded: download.jpeg
